nohup: ignoring input
To https://github.com/jacksonchami117-ui/Friday-hub
   702b5c9..41f69ef  auto-updates -> auto-updates
[auto-updates 41f69ef] Friday auto-commit at Fri Aug 15 07:02:28 UTC 2025
 4 files changed, 32 insertions(+)
 create mode 100755 auto-commit-loop.sh
 create mode 100644 auto-commit.log
 create mode 100755 friday-push.sh
 create mode 100644 package-lock.json
Everything up-to-date
To https://github.com/jacksonchami117-ui/Friday-hub
   41f69ef..760ec2f  auto-updates -> auto-updates
[auto-updates 760ec2f] Friday auto-commit at Fri Aug 15 07:07:32 UTC 2025
 3 files changed, 13 insertions(+), 1 deletion(-)
 create mode 100644 friday-live-test.txt
Everything up-to-date
To https://github.com/jacksonchami117-ui/Friday-hub
   2787b01..9370b3b  auto-updates -> auto-updates
[auto-updates 9370b3b] Friday auto-commit at Fri Aug 15 07:12:35 UTC 2025
 1 file changed, 8 insertions(+)
Everything up-to-date
